<?xml version="1.0" encoding="UTF-8"?>
<!-- Generated by org.testng.reporters.JUnitReportReporter -->
<testsuite hostname="LAPTOP-16OTC00O" failures="0" tests="10" name="runner.WebApp" time="193.730" errors="0" timestamp="2022-01-21T12:42:02 IST" skipped="0">
  <testcase classname="runner.WebApp" name="test1" time="9.678"/>
  <system-out/>
  <testcase classname="runner.WebApp" name="test2" time="5.477"/>
  <system-out/>
  <testcase classname="runner.WebApp" name="test3" time="10.556"/>
  <system-out/>
  <testcase classname="runner.WebApp" name="test4" time="7.850"/>
  <system-out/>
  <testcase classname="runner.WebApp" name="test5" time="12.563"/>
  <system-out/>
  <testcase classname="runner.WebApp" name="test6" time="17.219"/>
  <system-out/>
  <testcase classname="runner.WebApp" name="test7" time="48.401"/>
  <system-out/>
  <testcase classname="runner.WebApp" name="test8" time="34.904"/>
  <system-out/>
  <testcase classname="runner.WebApp" name="test9" time="33.743"/>
  <system-out/>
  <testcase classname="runner.WebApp" name="test10" time="13.339"/>
  <system-out/>
</testsuite> <!-- runner.WebApp -->
