<?xml version="1.0" encoding="UTF-8"?>
<!-- Generated by org.testng.reporters.JUnitReportReporter -->
<testsuite hostname="LAPTOP-16OTC00O" failures="0" tests="10" name="runner.WebApp" time="131.331" errors="0" timestamp="2022-01-18T13:34:56 IST" skipped="0">
  <testcase classname="runner.WebApp" name="test1" time="7.030"/>
  <system-out/>
  <testcase classname="runner.WebApp" name="test2" time="3.858"/>
  <system-out/>
  <testcase classname="runner.WebApp" name="test3" time="4.174"/>
  <system-out/>
  <testcase classname="runner.WebApp" name="test4" time="6.904"/>
  <system-out/>
  <testcase classname="runner.WebApp" name="test5" time="6.985"/>
  <system-out/>
  <testcase classname="runner.WebApp" name="test6" time="13.474"/>
  <system-out/>
  <testcase classname="runner.WebApp" name="test7" time="18.598"/>
  <system-out/>
  <testcase classname="runner.WebApp" name="test8" time="31.207"/>
  <system-out/>
  <testcase classname="runner.WebApp" name="test9" time="28.121"/>
  <system-out/>
  <testcase classname="runner.WebApp" name="test10" time="10.980"/>
  <system-out/>
</testsuite> <!-- runner.WebApp -->
